0 info it worked if it ends with ok
1 verbose cli [ '/usr/local/bin/node', '/usr/local/bin/npm', 'run', 'dev' ]
2 info using npm@4.1.2
3 info using node@v7.6.0
4 verbose run-script [ 'predev', 'dev', 'postdev' ]
5 info lifecycle yuanningManageServer@0.0.1~predev: yuanningManageServer@0.0.1
6 silly lifecycle yuanningManageServer@0.0.1~predev: no script for predev, continuing
7 info lifecycle yuanningManageServer@0.0.1~dev: yuanningManageServer@0.0.1
8 verbose lifecycle yuanningManageServer@0.0.1~dev: unsafe-perm in lifecycle true
9 verbose lifecycle yuanningManageServer@0.0.1~dev: PATH: /usr/local/lib/node_modules/npm/bin/node-gyp-bin:/mnt/frontEnd/yuanningManageServer/node_modules/.bin:/usr/local/sbin:/usr/local/bin:/usr/sbin:/usr/bin:/sbin:/bin:/usr/games:/usr/local/games
10 verbose lifecycle yuanningManageServer@0.0.1~dev: CWD: /mnt/frontEnd/yuanningManageServer
11 silly lifecycle yuanningManageServer@0.0.1~dev: Args: [ '-c', 'set NODE_ENV=dev& node build/dev-server.js' ]
12 silly lifecycle yuanningManageServer@0.0.1~dev: Returned: code: 1  signal: null
13 info lifecycle yuanningManageServer@0.0.1~dev: Failed to exec dev script
14 verbose stack Error: yuanningManageServer@0.0.1 dev: `set NODE_ENV=dev& node build/dev-server.js`
14 verbose stack Exit status 1
14 verbose stack     at EventEmitter.<anonymous> (/usr/local/lib/node_modules/npm/lib/utils/lifecycle.js:279:16)
14 verbose stack     at emitTwo (events.js:106:13)
14 verbose stack     at EventEmitter.emit (events.js:192:7)
14 verbose stack     at ChildProcess.<anonymous> (/usr/local/lib/node_modules/npm/lib/utils/spawn.js:40:14)
14 verbose stack     at emitTwo (events.js:106:13)
14 verbose stack     at ChildProcess.emit (events.js:192:7)
14 verbose stack     at maybeClose (internal/child_process.js:890:16)
14 verbose stack     at Process.ChildProcess._handle.onexit (internal/child_process.js:226:5)
15 verbose pkgid yuanningManageServer@0.0.1
16 verbose cwd /mnt/frontEnd/yuanningManageServer
17 error Linux 3.16.0-30-generic
18 error argv "/usr/local/bin/node" "/usr/local/bin/npm" "run" "dev"
19 error node v7.6.0
20 error npm  v4.1.2
21 error code ELIFECYCLE
22 error yuanningManageServer@0.0.1 dev: `set NODE_ENV=dev& node build/dev-server.js`
22 error Exit status 1
23 error Failed at the yuanningManageServer@0.0.1 dev script 'set NODE_ENV=dev& node build/dev-server.js'.
23 error Make sure you have the latest version of node.js and npm installed.
23 error If you do, this is most likely a problem with the yuanningManageServer package,
23 error not with npm itself.
23 error Tell the author that this fails on your system:
23 error     set NODE_ENV=dev& node build/dev-server.js
23 error You can get information on how to open an issue for this project with:
23 error     npm bugs yuanningManageServer
23 error Or if that isn't available, you can get their info via:
23 error     npm owner ls yuanningManageServer
23 error There is likely additional logging output above.
24 verbose exit [ 1, true ]
